Build started 9/23/2013 9:10:43 PM.
     1>Project "C:\Users\Tilt\Projects\Particle Engine\Particle Engine\Particle Engine\Particle Engine.vcxproj" on node 2 (Build target(s)).
     1>ClCompile:
         F:\Program Files\Visual Studio\VC\bin\CL.exe /c /I./ /ZI /nologo /W3 /WX- /sdl /Od /Oy- /D _MBCS /Gm /EHsc /RTC1 /MDd /GS /fp:precise /Zc:wchar_t /Zc:forScope /Fo"Debug\\" /Fd"Debug\vc110.pdb" /Gd /TP /analyze- /errorReport:prompt main.cpp
         main.cpp
     1>c:\users\tilt\projects\particle engine\particle engine\particle engine\main.cpp(16): warning C4244: 'argument' : conversion from 'unsigned int' to 'const float', possible loss of data
     1>c:\users\tilt\projects\particle engine\particle engine\particle engine\main.cpp(18): warning C4244: 'argument' : conversion from 'unsigned int' to 'const float', possible loss of data
     1>c:\users\tilt\projects\particle engine\particle engine\particle engine\main.cpp(22): warning C4244: 'argument' : conversion from 'unsigned int' to 'const float', possible loss of data
     1>c:\users\tilt\projects\particle engine\particle engine\particle engine\main.cpp(31): warning C4244: 'argument' : conversion from 'unsigned int' to 'const float', possible loss of data
     1>c:\users\tilt\projects\particle engine\particle engine\particle engine\main.cpp(35): warning C4244: 'argument' : conversion from 'unsigned int' to 'const float', possible loss of data
     1>c:\users\tilt\projects\particle engine\particle engine\particle engine\main.cpp(35): warning C4305: 'argument' : truncation from 'double' to 'const float'
     1>c:\users\tilt\projects\particle engine\particle engine\particle engine\main.cpp(36): warning C4305: 'argument' : truncation from 'double' to 'const float'
     1>c:\users\tilt\projects\particle engine\particle engine\particle engine\main.cpp(37): warning C4305: 'argument' : truncation from 'double' to 'const float'
     1>c:\users\tilt\projects\particle engine\particle engine\particle engine\main.cpp(48): warning C4244: 'argument' : conversion from 'unsigned int' to 'const float', possible loss of data
     1>c:\users\tilt\projects\particle engine\particle engine\particle engine\main.cpp(51): warning C4244: 'argument' : conversion from 'unsigned int' to 'const float', possible loss of data
     1>c:\users\tilt\projects\particle engine\particle engine\particle engine\main.cpp(51): warning C4305: 'argument' : truncation from 'double' to 'const float'
     1>c:\users\tilt\projects\particle engine\particle engine\particle engine\main.cpp(52): warning C4305: 'argument' : truncation from 'double' to 'const float'
     1>c:\users\tilt\projects\particle engine\particle engine\particle engine\main.cpp(53): warning C4305: 'argument' : truncation from 'double' to 'const float'
       Link:
         F:\Program Files\Visual Studio\VC\bin\link.exe /ERRORREPORT:PROMPT /OUT:"C:\Users\Tilt\Projects\Particle Engine\Particle Engine\Debug\Particle Engine.exe" /INCREMENTAL /NOLOGO "sfml-graphics-d.lib" "sfml-audio-d.lib" "sfml-system-d.lib" "sfml-window-d.lib" "sfml-network-d.lib" opengl32.lib kernel32.lib user32.lib gdi32.lib winspool.lib comdlg32.lib advapi32.lib shell32.lib ole32.lib oleaut32.lib uuid.lib odbc32.lib odbccp32.lib /MANIFEST /MANIFESTUAC:"level='asInvoker' uiAccess='false'" /manifest:embed /DEBUG /PDB:"C:\Users\Tilt\Projects\Particle Engine\Particle Engine\Debug\Particle Engine.pdb" /TLBID:1 /DYNAMICBASE /NXCOMPAT /IMPLIB:"C:\Users\Tilt\Projects\Particle Engine\Particle Engine\Debug\Particle Engine.lib" /MACHINE:X86 Debug\Accelerator.obj
         Debug\Activity.obj
         Debug\AnimatedSprite.obj
         Debug\Animation.obj
         Debug\Application.obj
         Debug\BasicRenderer.obj
         Debug\BoundingBox.obj
         Debug\Decayer.obj
         Debug\Expander.obj
         Debug\Fader.obj
         Debug\Gravitron.obj
         Debug\Inertia.obj
         Debug\main.obj
         Debug\Mover.obj
         Debug\Particle.obj
         Debug\ParticleGroup.obj
         Debug\ParticleManager.obj
         Debug\Point.obj
         Debug\RandomAngle.obj
         Debug\RandomColor.obj
         Debug\RandomExpansionRate.obj
         Debug\RandomLife.obj
         Debug\RandomPosition.obj
         Debug\RandomRotation.obj
         Debug\RandomSize.obj
         Debug\RandomVelocity.obj
         Debug\Rotater.obj
         Debug\Semaphore.obj
         Debug\Sparkle.obj
         Debug\SpriteAnimation.obj
         Debug\SpriteRenderer.obj
         Debug\TextRenderer.obj
         Debug\Utility.obj
         Debug\VelocityRenderer.obj
         Particle Engine.vcxproj -> C:\Users\Tilt\Projects\Particle Engine\Particle Engine\Debug\Particle Engine.exe
     1>Done Building Project "C:\Users\Tilt\Projects\Particle Engine\Particle Engine\Particle Engine\Particle Engine.vcxproj" (Build target(s)).

Build succeeded.

Time Elapsed 00:00:01.53
